  Source.cpp
C:\Users\dajo\source\repos\Project3\Project3\Source.cpp(25,31): warning C4244: '=': conversion from 'time_t' to 'unsigned long', possible loss of data
C:\Users\dajo\source\repos\Project3\Project3\Source.cpp(60,44): warning C4244: 'argument': conversion from 'double' to '_Tp', possible loss of data
          with
          [
              _Tp=int
          ]
C:\Users\dajo\source\repos\Project3\Project3\Source.cpp(60,29): warning C4244: 'argument': conversion from 'double' to '_Tp', possible loss of data
          with
          [
              _Tp=int
          ]
C:\Users\dajo\source\repos\Project3\Project3\Source.cpp(61,45): warning C4244: 'argument': conversion from 'double' to '_Tp', possible loss of data
          with
          [
              _Tp=int
          ]
C:\Users\dajo\source\repos\Project3\Project3\Source.cpp(61,30): warning C4244: 'argument': conversion from 'double' to '_Tp', possible loss of data
          with
          [
              _Tp=int
          ]
C:\Users\dajo\source\repos\Project3\Project3\Source.cpp(62,48): warning C4244: 'argument': conversion from 'double' to '_Tp', possible loss of data
          with
          [
              _Tp=int
          ]
C:\Users\dajo\source\repos\Project3\Project3\Source.cpp(62,33): warning C4244: 'argument': conversion from 'double' to '_Tp', possible loss of data
          with
          [
              _Tp=int
          ]
C:\Users\dajo\source\repos\Project3\Project3\Source.cpp(63,47): warning C4244: 'argument': conversion from 'double' to '_Tp', possible loss of data
          with
          [
              _Tp=int
          ]
C:\Users\dajo\source\repos\Project3\Project3\Source.cpp(63,32): warning C4244: 'argument': conversion from 'double' to '_Tp', possible loss of data
          with
          [
              _Tp=int
          ]
  Project3.vcxproj -> C:\Users\dajo\source\repos\Project3\x64\Debug\Project3.exe
